<?xml version="1.0" encoding="UTF-8"?>
<!-- Generated by org.testng.reporters.JUnitXMLReporter -->
<testsuite hostname="com-PC" ignored="0" name="Test" tests="1" failures="0" timestamp="04 Nov 2017 15:48:43 GMT" time="0.267" errors="0">
  <testcase name="@BeforeMethod openappln" time="0.193" classname="Generic.Ground">
    <failure type="java.lang.IllegalStateException" message="The driver executable does not exist: C:\home\tyss\Desktop\geckodriver">
      <![CDATA[java.lang.IllegalStateException: The driver executable does not exist: C:\home\tyss\Desktop\geckodriver
	at com.google.common.base.Preconditions.checkState(Preconditions.java:534)
	at org.openqa.selenium.remote.service.DriverService.checkExecutable(DriverService.java:136)
	at org.openqa.selenium.remote.service.DriverService.findExecutable(DriverService.java:131)
	at org.openqa.selenium.firefox.GeckoDriverService.access$100(GeckoDriverService.java:40)
	at org.openqa.selenium.firefox.GeckoDriverService$Builder.findDefaultExecutable(GeckoDriverService.java:114)
	at org.openqa.selenium.remote.service.DriverService$Builder.build(DriverService.java:329)
	at org.openqa.selenium.firefox.FirefoxDriver.toExecutor(FirefoxDriver.java:150)
	at org.openqa.selenium.firefox.FirefoxDriver.<init>(FirefoxDriver.java:120)
	at org.openqa.selenium.firefox.FirefoxDriver.<init>(FirefoxDriver.java:98)
	at Generic.Ground.openappln(Ground.java:18)
... Removed 27 stack frames]]>
    </failure>
  </testcase> <!-- @BeforeMethod openappln -->
  <testcase name="@AfterMethod closeappln" time="0.0" classname="Generic.Ground">
    <skipped/>
  </testcase> <!-- @AfterMethod closeappln -->
  <testcase name="signUp" time="0.0" classname="Scribble.SignUp">
    <skipped/>
  </testcase> <!-- signUp -->
</testsuite> <!-- Test -->
