<?xml version="1.0" encoding="UTF-8"?>
<testng-results skipped="0" failed="0" total="1" passed="1">
  <reporter-output>
  </reporter-output>
  <suite name="Default suite" duration-ms="107486" started-at="2017-11-05T15:06:45Z" finished-at="2017-11-05T15:08:33Z">
    <groups>
    </groups>
    <test name="Default test" duration-ms="107486" started-at="2017-11-05T15:06:45Z" finished-at="2017-11-05T15:08:33Z">
      <class name="Scribble.JewelleryDrop">
        <test-method status="PASS" signature="openappln()[pri:0, instance:Scribble.JewelleryDrop@100df86]" name="openappln" is-config="true" duration-ms="98375" started-at="2017-11-05T20:36:45Z" finished-at="2017-11-05T20:38:24Z">
          <reporter-output>
          </reporter-output>
        </test-method> <!-- openappln -->
        <test-method status="PASS" signature="jewelleryDropSelect()[pri:0, instance:Scribble.JewelleryDrop@100df86]" name="jewelleryDropSelect" duration-ms="7382" started-at="2017-11-05T20:38:24Z" finished-at="2017-11-05T20:38:31Z">
          <reporter-output>
          </reporter-output>
        </test-method> <!-- jewelleryDropSelect -->
        <test-method status="PASS" signature="closeappln()[pri:0, instance:Scribble.JewelleryDrop@100df86]" name="closeappln" is-config="true" duration-ms="1678" started-at="2017-11-05T20:38:31Z" finished-at="2017-11-05T20:38:33Z">
          <reporter-output>
          </reporter-output>
        </test-method> <!-- closeappln -->
      </class> <!-- Scribble.JewelleryDrop -->
    </test> <!-- Default test -->
  </suite> <!-- Default suite -->
</testng-results>
